[29-Mar-2024 09:23:16 UTC] Sync process for Gutenberg Blocks has started.
[29-Mar-2024 09:23:16 UTC] CATEGORY: Storing in option ast-block-templates-categories
[29-Mar-2024 09:23:16 UTC] BLOCK: Requests count 7
[29-Mar-2024 09:23:16 UTC] BLOCK: Importing request 1 ..
[29-Mar-2024 09:23:16 UTC] BLOCK: https://websitedemos.net/wp-json/astra-blocks/v2/blocks/?page_builder=gutenberg&per_page=30&page=1&wireframe=yes
[29-Mar-2024 09:23:17 UTC] BLOCK: Storing in option ast-block-templates-blocks-1
[29-Mar-2024 09:23:17 UTC] BLOCK: Completed request 1
[29-Mar-2024 09:23:17 UTC] BLOCK: Importing request 2 ..
[29-Mar-2024 09:23:17 UTC] BLOCK: https://websitedemos.net/wp-json/astra-blocks/v2/blocks/?page_builder=gutenberg&per_page=30&page=2&wireframe=yes
[29-Mar-2024 09:23:18 UTC] BLOCK: Storing in option ast-block-templates-blocks-2
[29-Mar-2024 09:23:19 UTC] BLOCK: Completed request 2
[29-Mar-2024 09:23:19 UTC] BLOCK: Importing request 3 ..
[29-Mar-2024 09:23:19 UTC] BLOCK: https://websitedemos.net/wp-json/astra-blocks/v2/blocks/?page_builder=gutenberg&per_page=30&page=3&wireframe=yes
[29-Mar-2024 09:23:20 UTC] BLOCK: Storing in option ast-block-templates-blocks-3
[29-Mar-2024 09:23:20 UTC] BLOCK: Completed request 3
[29-Mar-2024 09:23:20 UTC] BLOCK: Importing request 4 ..
[29-Mar-2024 09:23:20 UTC] BLOCK: https://websitedemos.net/wp-json/astra-blocks/v2/blocks/?page_builder=gutenberg&per_page=30&page=4&wireframe=yes
[29-Mar-2024 09:23:21 UTC] BLOCK: Storing in option ast-block-templates-blocks-4
[29-Mar-2024 09:23:21 UTC] BLOCK: Completed request 4
[29-Mar-2024 09:23:21 UTC] BLOCK: Importing request 5 ..
[29-Mar-2024 09:23:21 UTC] BLOCK: https://websitedemos.net/wp-json/astra-blocks/v2/blocks/?page_builder=gutenberg&per_page=30&page=5&wireframe=yes
[29-Mar-2024 09:23:21 UTC] BLOCK: Storing in option ast-block-templates-blocks-5
[29-Mar-2024 09:23:21 UTC] BLOCK: Completed request 5
[29-Mar-2024 09:23:21 UTC] BLOCK: Importing request 6 ..
[29-Mar-2024 09:23:21 UTC] BLOCK: https://websitedemos.net/wp-json/astra-blocks/v2/blocks/?page_builder=gutenberg&per_page=30&page=6&wireframe=yes
[29-Mar-2024 09:23:22 UTC] BLOCK: Storing in option ast-block-templates-blocks-6
[29-Mar-2024 09:23:22 UTC] BLOCK: Completed request 6
[29-Mar-2024 09:23:22 UTC] BLOCK: Importing request 7 ..
[29-Mar-2024 09:23:22 UTC] BLOCK: https://websitedemos.net/wp-json/astra-blocks/v2/blocks/?page_builder=gutenberg&per_page=30&page=7&wireframe=yes
[29-Mar-2024 09:23:24 UTC] BLOCK: Storing in option ast-block-templates-blocks-7
[29-Mar-2024 09:23:25 UTC] BLOCK: Completed request 7
[29-Mar-2024 09:23:25 UTC] SITE: Getting Total Sites
[29-Mar-2024 09:23:25 UTC] SITE: https://websitedemos.net/wp-json/astra-sites/v1/get-total-pages/?page_builder=gutenberg&per_page=30
[29-Mar-2024 09:23:25 UTC] SITE: Request count 10
[29-Mar-2024 09:23:25 UTC] SITE: Importing request 1 ..
[29-Mar-2024 09:23:25 UTC] SITE: https://websitedemos.net/wp-json/astra-sites/v1/sites-and-pages/?per_page=30&page=1&page-builder=gutenberg
[29-Mar-2024 09:23:25 UTC] SITE: Storing in option ast-block-templates-sites-1
[29-Mar-2024 09:23:25 UTC] SITE: Completed request 1
[29-Mar-2024 09:23:25 UTC] SITE: Importing request 2 ..
[29-Mar-2024 09:23:25 UTC] SITE: https://websitedemos.net/wp-json/astra-sites/v1/sites-and-pages/?per_page=30&page=2&page-builder=gutenberg
[29-Mar-2024 09:23:26 UTC] SITE: Storing in option ast-block-templates-sites-2
[29-Mar-2024 09:23:26 UTC] SITE: Completed request 2
[29-Mar-2024 09:23:26 UTC] SITE: Importing request 3 ..
[29-Mar-2024 09:23:26 UTC] SITE: https://websitedemos.net/wp-json/astra-sites/v1/sites-and-pages/?per_page=30&page=3&page-builder=gutenberg
[29-Mar-2024 09:23:27 UTC] SITE: Storing in option ast-block-templates-sites-3
[29-Mar-2024 09:23:27 UTC] SITE: Completed request 3
[29-Mar-2024 09:23:27 UTC] SITE: Importing request 4 ..
[29-Mar-2024 09:23:27 UTC] SITE: https://websitedemos.net/wp-json/astra-sites/v1/sites-and-pages/?per_page=30&page=4&page-builder=gutenberg
[29-Mar-2024 09:23:27 UTC] SITE: Storing in option ast-block-templates-sites-4
[29-Mar-2024 09:23:27 UTC] SITE: Completed request 4
[29-Mar-2024 09:23:27 UTC] SITE: Importing request 5 ..
[29-Mar-2024 09:23:27 UTC] SITE: https://websitedemos.net/wp-json/astra-sites/v1/sites-and-pages/?per_page=30&page=5&page-builder=gutenberg
[29-Mar-2024 09:23:28 UTC] SITE: Storing in option ast-block-templates-sites-5
[29-Mar-2024 09:23:28 UTC] SITE: Completed request 5
[29-Mar-2024 09:23:28 UTC] SITE: Importing request 6 ..
[29-Mar-2024 09:23:28 UTC] SITE: https://websitedemos.net/wp-json/astra-sites/v1/sites-and-pages/?per_page=30&page=6&page-builder=gutenberg
[29-Mar-2024 09:23:28 UTC] SITE: Storing in option ast-block-templates-sites-6
[29-Mar-2024 09:23:28 UTC] SITE: Completed request 6
[29-Mar-2024 09:23:28 UTC] SITE: Importing request 7 ..
[29-Mar-2024 09:23:28 UTC] SITE: https://websitedemos.net/wp-json/astra-sites/v1/sites-and-pages/?per_page=30&page=7&page-builder=gutenberg
[29-Mar-2024 09:23:28 UTC] SITE: Storing in option ast-block-templates-sites-7
[29-Mar-2024 09:23:29 UTC] SITE: Completed request 7
[29-Mar-2024 09:23:29 UTC] SITE: Importing request 8 ..
[29-Mar-2024 09:23:29 UTC] SITE: https://websitedemos.net/wp-json/astra-sites/v1/sites-and-pages/?per_page=30&page=8&page-builder=gutenberg
[29-Mar-2024 09:23:29 UTC] SITE: Storing in option ast-block-templates-sites-8
[29-Mar-2024 09:23:29 UTC] SITE: Completed request 8
[29-Mar-2024 09:23:29 UTC] SITE: Importing request 9 ..
[29-Mar-2024 09:23:29 UTC] SITE: https://websitedemos.net/wp-json/astra-sites/v1/sites-and-pages/?per_page=30&page=9&page-builder=gutenberg
[29-Mar-2024 09:23:29 UTC] SITE: Storing in option ast-block-templates-sites-9
[29-Mar-2024 09:23:29 UTC] SITE: Completed request 9
[29-Mar-2024 09:23:29 UTC] SITE: Importing request 10 ..
[29-Mar-2024 09:23:29 UTC] SITE: https://websitedemos.net/wp-json/astra-sites/v1/sites-and-pages/?per_page=30&page=10&page-builder=gutenberg
[29-Mar-2024 09:23:30 UTC] SITE: Storing in option ast-block-templates-sites-10
[29-Mar-2024 09:23:30 UTC] SITE: Completed request 10
[29-Mar-2024 09:23:30 UTC] Sync process for Gutenberg Blocks is done.
[29-Mar-2024 09:23:30 UTC] BLOCK: Getting Server Custimizer CSS
[29-Mar-2024 09:23:30 UTC] BLOCK: https://websitedemos.net/wp-json/astra-blocks/v2/get-customizer-css
